# JRE version: OpenJDK Runtime Environment Microsoft-11926163 (17.0.16+8) (build 17.0.16+8-LTS)
# Java VM: OpenJDK 64-Bit Server VM Microsoft-11926163 (17.0.16+8-LTS, mixed mode, emulated-client, sharing, tiered, compressed oops, compressed class ptrs, g1 gc, windows-amd64)
GC Precious Log:
 CPUs: 32 total, 32 available
 Memory: 65154M
 Large Page Support: Disabled
 NUMA Support: Disabled
 Compressed Oops: Enabled (Zero based)
 Heap Region Size: 8M
 Heap Min Capacity: 8M
 Heap Initial Capacity: 1G
 Heap Max Capacity: 16296M
 Pre-touch: Disabled
 Parallel Workers: 23
 Concurrent Workers: 6
 Concurrent Refinement Workers: 23
 Periodic GC: Disabled
Heap:
 garbage-first heap   total 163840K, used 51482K [0x0000000405800000, 0x0000000800000000)
  region size 8192K, 3 young (24576K), 1 survivors (8192K)
 Metaspace       used 70357K, committed 70976K, reserved 1114112K
  class space    used 9625K, committed 9920K, reserved 1048576K
GC Heap History (20 events):
Event: 1.322 GC heap before
{Heap before GC invocations=2 (full 0):
 garbage-first heap   total 1048576K, used 47644K [0x0000000405800000, 0x0000000800000000)
  region size 8192K, 6 young (49152K), 1 survivors (8192K)
 Metaspace       used 21196K, committed 21504K, reserved 1114112K
  class space    used 2913K, committed 3008K, reserved 1048576K
}
Event: 1.324 GC heap after
{Heap after GC invocations=3 (full 0):
 garbage-first heap   total 1048576K, used 16664K [0x0000000405800000, 0x0000000800000000)
  region size 8192K, 1 young (8192K), 1 survivors (8192K)
 Metaspace       used 21196K, committed 21504K, reserved 1114112K
  class space    used 2913K, committed 3008K, reserved 1048576K
}
Event: 2.224 GC heap before
{Heap before GC invocations=4 (full 0):
 garbage-first heap   total 114688K, used 74008K [0x0000000405800000, 0x0000000800000000)
  region size 8192K, 8 young (65536K), 1 survivors (8192K)
 Metaspace       used 32392K, committed 32768K, reserved 1114112K
  class space    used 4361K, committed 4544K, reserved 1048576K
}
Event: 2.227 GC heap after
{Heap after GC invocations=5 (full 0):
 garbage-first heap   total 114688K, used 20754K [0x0000000405800000, 0x0000000800000000)
  region size 8192K, 1 young (8192K), 1 survivors (8192K)
 Metaspace       used 32392K, committed 32768K, reserved 1114112K
  class space    used 4361K, committed 4544K, reserved 1048576K
}
Event: 2.499 GC heap before
{Heap before GC invocations=5 (full 0):
 garbage-first heap   total 114688K, used 28946K [0x0000000405800000, 0x0000000800000000)
  region size 8192K, 2 young (16384K), 1 survivors (8192K)
 Metaspace       used 34250K, committed 34624K, reserved 1114112K
  class space    used 4621K, committed 4800K, reserved 1048576K
}
Event: 2.503 GC heap after
{Heap after GC invocations=6 (full 0):
 garbage-first heap   total 114688K, used 21519K [0x0000000405800000, 0x0000000800000000)
  region size 8192K, 1 young (8192K), 1 survivors (8192K)
 Metaspace       used 34250K, committed 34624K, reserved 1114112K
  class space    used 4621K, committed 4800K, reserved 1048576K
}
Event: 2.660 GC heap before
{Heap before GC invocations=6 (full 0):
 garbage-first heap   total 114688K, used 37903K [0x0000000405800000, 0x0000000800000000)
  region size 8192K, 4 young (32768K), 1 survivors (8192K)
 Metaspace       used 35770K, committed 36096K, reserved 1114112K
  class space    used 4814K, committed 4928K, reserved 1048576K
}
Event: 2.661 GC heap after
{Heap after GC invocations=7 (full 0):
 garbage-first heap   total 114688K, used 22509K [0x0000000405800000, 0x0000000800000000)
  region size 8192K, 1 young (8192K), 1 survivors (8192K)
 Metaspace       used 35770K, committed 36096K, reserved 1114112K
  class space    used 4814K, committed 4928K, reserved 1048576K
}
Event: 3.091 GC heap before
{Heap before GC invocations=8 (full 0):
 garbage-first heap   total 114688K, used 63469K [0x0000000405800000, 0x0000000800000000)
  region size 8192K, 6 young (49152K), 1 survivors (8192K)
 Metaspace       used 39698K, committed 40064K, reserved 1114112K
  class space    used 5414K, committed 5568K, reserved 1048576K
}
Event: 3.093 GC heap after
{Heap after GC invocations=9 (full 0):
 garbage-first heap   total 114688K, used 24035K [0x0000000405800000, 0x0000000800000000)
  region size 8192K, 1 young (8192K), 1 survivors (8192K)
 Metaspace       used 39698K, committed 40064K, reserved 1114112K
  class space    used 5414K, committed 5568K, reserved 1048576K
}
Event: 3.447 GC heap before
{Heap before GC invocations=9 (full 0):
 garbage-first heap   total 114688K, used 64995K [0x0000000405800000, 0x0000000800000000)
  region size 8192K, 6 young (49152K), 1 survivors (8192K)
 Metaspace       used 45188K, committed 45632K, reserved 1114112K
  class space    used 6216K, committed 6400K, reserved 1048576K
}
Event: 3.452 GC heap after
{Heap after GC invocations=10 (full 0):
 garbage-first heap   total 114688K, used 27116K [0x0000000405800000, 0x0000000800000000)
  region size 8192K, 1 young (8192K), 1 survivors (8192K)
 Metaspace       used 45188K, committed 45632K, reserved 1114112K
  class space    used 6216K, committed 6400K, reserved 1048576K
}
Event: 3.876 GC heap before
{Heap before GC invocations=10 (full 0):
 garbage-first heap   total 114688K, used 76268K [0x0000000405800000, 0x0000000800000000)
  region size 8192K, 7 young (57344K), 1 survivors (8192K)
 Metaspace       used 52131K, committed 52672K, reserved 1114112K
  class space    used 7092K, committed 7360K, reserved 1048576K
}
Event: 3.879 GC heap after
{Heap after GC invocations=11 (full 0):
 garbage-first heap   total 581632K, used 31290K [0x0000000405800000, 0x0000000800000000)
  region size 8192K, 1 young (8192K), 1 survivors (8192K)
 Metaspace       used 52131K, committed 52672K, reserved 1114112K
  class space    used 7092K, committed 7360K, reserved 1048576K
}
Event: 4.762 GC heap before
{Heap before GC invocations=11 (full 0):
 garbage-first heap   total 581632K, used 72250K [0x0000000405800000, 0x0000000800000000)
  region size 8192K, 7 young (57344K), 1 survivors (8192K)
 Metaspace       used 59944K, committed 60416K, reserved 1114112K
  class space    used 8197K, committed 8448K, reserved 1048576K
}
Event: 4.766 GC heap after
{Heap after GC invocations=12 (full 0):
 garbage-first heap   total 581632K, used 33735K [0x0000000405800000, 0x0000000800000000)
  region size 8192K, 2 young (16384K), 2 survivors (16384K)
 Metaspace       used 59944K, committed 60416K, reserved 1114112K
  class space    used 8197K, committed 8448K, reserved 1048576K
}
Event: 10.978 GC heap before
{Heap before GC invocations=13 (full 0):
 garbage-first heap   total 163840K, used 115655K [0x0000000405800000, 0x0000000800000000)
  region size 8192K, 12 young (98304K), 2 survivors (16384K)
 Metaspace       used 68545K, committed 69056K, reserved 1114112K
  class space    used 9349K, committed 9600K, reserved 1048576K
}
Event: 10.982 GC heap after
{Heap after GC invocations=14 (full 0):
 garbage-first heap   total 163840K, used 41963K [0x0000000405800000, 0x0000000800000000)
  region size 8192K, 2 young (16384K), 2 survivors (16384K)
 Metaspace       used 68545K, committed 69056K, reserved 1114112K
  class space    used 9349K, committed 9600K, reserved 1048576K
}
Event: 11.157 GC heap before
{Heap before GC invocations=14 (full 0):
 garbage-first heap   total 163840K, used 50155K [0x0000000405800000, 0x0000000800000000)
  region size 8192K, 3 young (24576K), 2 survivors (16384K)
 Metaspace       used 69273K, committed 69824K, reserved 1114112K
  class space    used 9471K, committed 9728K, reserved 1048576K
}
Event: 11.163 GC heap after
{Heap after GC invocations=15 (full 0):
 garbage-first heap   total 163840K, used 43290K [0x0000000405800000, 0x0000000800000000)
  region size 8192K, 1 young (8192K), 1 survivors (8192K)
 Metaspace       used 69273K, committed 69824K, reserved 1114112K
  class space    used 9471K, committed 9728K, reserved 1048576K
}

