# JRE version: OpenJDK Runtime Environment Microsoft-11926163 (17.0.16+8) (build 17.0.16+8-LTS)
# Java VM: OpenJDK 64-Bit Server VM Microsoft-11926163 (17.0.16+8-LTS, mixed mode, emulated-client, sharing, tiered, compressed oops, compressed class ptrs, g1 gc, windows-amd64)
GC Precious Log:
 CPUs: 32 total, 32 available
 Memory: 65154M
 Large Page Support: Disabled
 NUMA Support: Disabled
 Compressed Oops: Enabled (Zero based)
 Heap Region Size: 8M
 Heap Min Capacity: 8M
 Heap Initial Capacity: 1G
 Heap Max Capacity: 16296M
 Pre-touch: Disabled
 Parallel Workers: 23
 Concurrent Workers: 6
 Concurrent Refinement Workers: 23
 Periodic GC: Disabled
Heap:
 garbage-first heap   total 163840K, used 67773K [0x00000001ac800000, 0x00000005a7000000)
  region size 8192K, 5 young (40960K), 1 survivors (8192K)
 Metaspace       used 70336K, committed 70976K, reserved 1114112K
  class space    used 9617K, committed 9920K, reserved 1048576K
GC Heap History (20 events):
Event: 0.609 GC heap before
{Heap before GC invocations=0 (full 0):
 garbage-first heap   total 1048576K, used 40960K [0x00000001ac800000, 0x00000005a7000000)
  region size 8192K, 6 young (49152K), 0 survivors (0K)
 Metaspace       used 9715K, committed 9984K, reserved 1114112K
  class space    used 1277K, committed 1408K, reserved 1048576K
}
Event: 0.613 GC heap after
{Heap after GC invocations=1 (full 0):
 garbage-first heap   total 1048576K, used 12466K [0x00000001ac800000, 0x00000005a7000000)
  region size 8192K, 1 young (8192K), 1 survivors (8192K)
 Metaspace       used 9715K, committed 9984K, reserved 1114112K
  class space    used 1277K, committed 1408K, reserved 1048576K
}
Event: 0.870 GC heap before
{Heap before GC invocations=1 (full 0):
 garbage-first heap   total 1048576K, used 45234K [0x00000001ac800000, 0x00000005a7000000)
  region size 8192K, 6 young (49152K), 1 survivors (8192K)
 Metaspace       used 16220K, committed 16448K, reserved 1114112K
  class space    used 2312K, committed 2432K, reserved 1048576K
}
Event: 0.873 GC heap after
{Heap after GC invocations=2 (full 0):
 garbage-first heap   total 1048576K, used 15718K [0x00000001ac800000, 0x00000005a7000000)
  region size 8192K, 1 young (8192K), 1 survivors (8192K)
 Metaspace       used 16220K, committed 16448K, reserved 1114112K
  class space    used 2312K, committed 2432K, reserved 1048576K
}
Event: 1.000 GC heap before
{Heap before GC invocations=2 (full 0):
 garbage-first heap   total 1048576K, used 40294K [0x00000001ac800000, 0x00000005a7000000)
  region size 8192K, 5 young (40960K), 1 survivors (8192K)
 Metaspace       used 21231K, committed 21504K, reserved 1114112K
  class space    used 2916K, committed 3072K, reserved 1048576K
}
Event: 1.002 GC heap after
{Heap after GC invocations=3 (full 0):
 garbage-first heap   total 1048576K, used 17384K [0x00000001ac800000, 0x00000005a7000000)
  region size 8192K, 1 young (8192K), 1 survivors (8192K)
 Metaspace       used 21231K, committed 21504K, reserved 1114112K
  class space    used 2916K, committed 3072K, reserved 1048576K
}
Event: 1.767 GC heap before
{Heap before GC invocations=4 (full 0):
 garbage-first heap   total 114688K, used 74728K [0x00000001ac800000, 0x00000005a7000000)
  region size 8192K, 8 young (65536K), 1 survivors (8192K)
 Metaspace       used 32023K, committed 32384K, reserved 1114112K
  class space    used 4308K, committed 4480K, reserved 1048576K
}
Event: 1.773 GC heap after
{Heap after GC invocations=5 (full 0):
 garbage-first heap   total 114688K, used 21508K [0x00000001ac800000, 0x00000005a7000000)
  region size 8192K, 1 young (8192K), 1 survivors (8192K)
 Metaspace       used 32023K, committed 32384K, reserved 1114112K
  class space    used 4308K, committed 4480K, reserved 1048576K
}
Event: 2.017 GC heap before
{Heap before GC invocations=5 (full 0):
 garbage-first heap   total 114688K, used 29700K [0x00000001ac800000, 0x00000005a7000000)
  region size 8192K, 2 young (16384K), 1 survivors (8192K)
 Metaspace       used 33986K, committed 34368K, reserved 1114112K
  class space    used 4585K, committed 4736K, reserved 1048576K
}
Event: 2.022 GC heap after
{Heap after GC invocations=6 (full 0):
 garbage-first heap   total 114688K, used 22215K [0x00000001ac800000, 0x00000005a7000000)
  region size 8192K, 1 young (8192K), 1 survivors (8192K)
 Metaspace       used 33986K, committed 34368K, reserved 1114112K
  class space    used 4585K, committed 4736K, reserved 1048576K
}
Event: 2.285 GC heap before
{Heap before GC invocations=6 (full 0):
 garbage-first heap   total 114688K, used 38599K [0x00000001ac800000, 0x00000005a7000000)
  region size 8192K, 4 young (32768K), 1 survivors (8192K)
 Metaspace       used 35787K, committed 36096K, reserved 1114112K
  class space    used 4815K, committed 4928K, reserved 1048576K
}
Event: 2.287 GC heap after
{Heap after GC invocations=7 (full 0):
 garbage-first heap   total 114688K, used 23301K [0x00000001ac800000, 0x00000005a7000000)
  region size 8192K, 1 young (8192K), 1 survivors (8192K)
 Metaspace       used 35787K, committed 36096K, reserved 1114112K
  class space    used 4815K, committed 4928K, reserved 1048576K
}
Event: 2.777 GC heap before
{Heap before GC invocations=8 (full 0):
 garbage-first heap   total 114688K, used 64261K [0x00000001ac800000, 0x00000005a7000000)
  region size 8192K, 6 young (49152K), 1 survivors (8192K)
 Metaspace       used 39604K, committed 40000K, reserved 1114112K
  class space    used 5390K, committed 5568K, reserved 1048576K
}
Event: 2.784 GC heap after
{Heap after GC invocations=9 (full 0):
 garbage-first heap   total 581632K, used 24980K [0x00000001ac800000, 0x00000005a7000000)
  region size 8192K, 1 young (8192K), 1 survivors (8192K)
 Metaspace       used 39604K, committed 40000K, reserved 1114112K
  class space    used 5390K, committed 5568K, reserved 1048576K
}
Event: 5.592 GC heap before
{Heap before GC invocations=9 (full 0):
 garbage-first heap   total 581632K, used 164244K [0x00000001ac800000, 0x00000005a7000000)
  region size 8192K, 19 young (155648K), 1 survivors (8192K)
 Metaspace       used 59938K, committed 60416K, reserved 1114112K
  class space    used 8193K, committed 8448K, reserved 1048576K
}
Event: 5.600 GC heap after
{Heap after GC invocations=10 (full 0):
 garbage-first heap   total 581632K, used 34265K [0x00000001ac800000, 0x00000005a7000000)
  region size 8192K, 2 young (16384K), 2 survivors (16384K)
 Metaspace       used 59938K, committed 60416K, reserved 1114112K
  class space    used 8193K, committed 8448K, reserved 1048576K
}
Event: 15.173 GC heap before
{Heap before GC invocations=11 (full 0):
 garbage-first heap   total 163840K, used 116185K [0x00000001ac800000, 0x00000005a7000000)
  region size 8192K, 12 young (98304K), 2 survivors (16384K)
 Metaspace       used 67681K, committed 68160K, reserved 1114112K
  class space    used 9256K, committed 9472K, reserved 1048576K
}
Event: 15.178 GC heap after
{Heap after GC invocations=12 (full 0):
 garbage-first heap   total 163840K, used 42356K [0x00000001ac800000, 0x00000005a7000000)
  region size 8192K, 2 young (16384K), 2 survivors (16384K)
 Metaspace       used 67681K, committed 68160K, reserved 1114112K
  class space    used 9256K, committed 9472K, reserved 1048576K
}
Event: 15.391 GC heap before
{Heap before GC invocations=12 (full 0):
 garbage-first heap   total 163840K, used 50548K [0x00000001ac800000, 0x00000005a7000000)
  region size 8192K, 3 young (24576K), 2 survivors (16384K)
 Metaspace       used 68206K, committed 68736K, reserved 1114112K
  class space    used 9326K, committed 9600K, reserved 1048576K
}
Event: 15.394 GC heap after
{Heap after GC invocations=13 (full 0):
 garbage-first heap   total 163840K, used 43197K [0x00000001ac800000, 0x00000005a7000000)
  region size 8192K, 1 young (8192K), 1 survivors (8192K)
 Metaspace       used 68206K, committed 68736K, reserved 1114112K
  class space    used 9326K, committed 9600K, reserved 1048576K
}

