# JRE version: OpenJDK Runtime Environment Microsoft-11926163 (17.0.16+8) (build 17.0.16+8-LTS)
# Java VM: OpenJDK 64-Bit Server VM Microsoft-11926163 (17.0.16+8-LTS, mixed mode, emulated-client, sharing, tiered, compressed oops, compressed class ptrs, g1 gc, windows-amd64)
GC Precious Log:
 CPUs: 32 total, 32 available
 Memory: 65154M
 Large Page Support: Disabled
 NUMA Support: Disabled
 Compressed Oops: Enabled (Zero based)
 Heap Region Size: 8M
 Heap Min Capacity: 8M
 Heap Initial Capacity: 1G
 Heap Max Capacity: 16296M
 Pre-touch: Disabled
 Parallel Workers: 23
 Concurrent Workers: 6
 Concurrent Refinement Workers: 23
 Periodic GC: Disabled
Heap:
 garbage-first heap   total 163840K, used 51726K [0x0000000405800000, 0x0000000800000000)
  region size 8192K, 3 young (24576K), 1 survivors (8192K)
 Metaspace       used 70328K, committed 70912K, reserved 1114112K
  class space    used 9618K, committed 9920K, reserved 1048576K
GC Heap History (20 events):
Event: 1.738 GC heap before
{Heap before GC invocations=2 (full 0):
 garbage-first heap   total 1048576K, used 47760K [0x0000000405800000, 0x0000000800000000)
  region size 8192K, 6 young (49152K), 1 survivors (8192K)
 Metaspace       used 21253K, committed 21504K, reserved 1114112K
  class space    used 2914K, committed 3008K, reserved 1048576K
}
Event: 1.741 GC heap after
{Heap after GC invocations=3 (full 0):
 garbage-first heap   total 1048576K, used 16704K [0x0000000405800000, 0x0000000800000000)
  region size 8192K, 1 young (8192K), 1 survivors (8192K)
 Metaspace       used 21253K, committed 21504K, reserved 1114112K
  class space    used 2914K, committed 3008K, reserved 1048576K
}
Event: 3.139 GC heap before
{Heap before GC invocations=4 (full 0):
 garbage-first heap   total 114688K, used 74048K [0x0000000405800000, 0x0000000800000000)
  region size 8192K, 8 young (65536K), 1 survivors (8192K)
 Metaspace       used 32127K, committed 32512K, reserved 1114112K
  class space    used 4319K, committed 4480K, reserved 1048576K
}
Event: 3.143 GC heap after
{Heap after GC invocations=5 (full 0):
 garbage-first heap   total 114688K, used 20802K [0x0000000405800000, 0x0000000800000000)
  region size 8192K, 1 young (8192K), 1 survivors (8192K)
 Metaspace       used 32127K, committed 32512K, reserved 1114112K
  class space    used 4319K, committed 4480K, reserved 1048576K
}
Event: 3.431 GC heap before
{Heap before GC invocations=5 (full 0):
 garbage-first heap   total 114688K, used 28994K [0x0000000405800000, 0x0000000800000000)
  region size 8192K, 2 young (16384K), 1 survivors (8192K)
 Metaspace       used 34086K, committed 34432K, reserved 1114112K
  class space    used 4597K, committed 4736K, reserved 1048576K
}
Event: 3.438 GC heap after
{Heap after GC invocations=6 (full 0):
 garbage-first heap   total 114688K, used 21470K [0x0000000405800000, 0x0000000800000000)
  region size 8192K, 1 young (8192K), 1 survivors (8192K)
 Metaspace       used 34086K, committed 34432K, reserved 1114112K
  class space    used 4597K, committed 4736K, reserved 1048576K
}
Event: 3.760 GC heap before
{Heap before GC invocations=6 (full 0):
 garbage-first heap   total 114688K, used 37854K [0x0000000405800000, 0x0000000800000000)
  region size 8192K, 4 young (32768K), 1 survivors (8192K)
 Metaspace       used 35811K, committed 36160K, reserved 1114112K
  class space    used 4815K, committed 4992K, reserved 1048576K
}
Event: 3.763 GC heap after
{Heap after GC invocations=7 (full 0):
 garbage-first heap   total 114688K, used 22510K [0x0000000405800000, 0x0000000800000000)
  region size 8192K, 1 young (8192K), 1 survivors (8192K)
 Metaspace       used 35811K, committed 36160K, reserved 1114112K
  class space    used 4815K, committed 4992K, reserved 1048576K
}
Event: 4.355 GC heap before
{Heap before GC invocations=8 (full 0):
 garbage-first heap   total 114688K, used 63470K [0x0000000405800000, 0x0000000800000000)
  region size 8192K, 6 young (49152K), 1 survivors (8192K)
 Metaspace       used 39668K, committed 40064K, reserved 1114112K
  class space    used 5405K, committed 5568K, reserved 1048576K
}
Event: 4.360 GC heap after
{Heap after GC invocations=9 (full 0):
 garbage-first heap   total 114688K, used 24085K [0x0000000405800000, 0x0000000800000000)
  region size 8192K, 1 young (8192K), 1 survivors (8192K)
 Metaspace       used 39668K, committed 40064K, reserved 1114112K
  class space    used 5405K, committed 5568K, reserved 1048576K
}
Event: 4.988 GC heap before
{Heap before GC invocations=9 (full 0):
 garbage-first heap   total 114688K, used 65045K [0x0000000405800000, 0x0000000800000000)
  region size 8192K, 6 young (49152K), 1 survivors (8192K)
 Metaspace       used 45171K, committed 45632K, reserved 1114112K
  class space    used 6208K, committed 6400K, reserved 1048576K
}
Event: 4.996 GC heap after
{Heap after GC invocations=10 (full 0):
 garbage-first heap   total 114688K, used 26823K [0x0000000405800000, 0x0000000800000000)
  region size 8192K, 1 young (8192K), 1 survivors (8192K)
 Metaspace       used 45171K, committed 45632K, reserved 1114112K
  class space    used 6208K, committed 6400K, reserved 1048576K
}
Event: 5.621 GC heap before
{Heap before GC invocations=10 (full 0):
 garbage-first heap   total 114688K, used 75975K [0x0000000405800000, 0x0000000800000000)
  region size 8192K, 7 young (57344K), 1 survivors (8192K)
 Metaspace       used 52079K, committed 52544K, reserved 1114112K
  class space    used 7082K, committed 7296K, reserved 1048576K
}
Event: 5.626 GC heap after
{Heap after GC invocations=11 (full 0):
 garbage-first heap   total 581632K, used 31394K [0x0000000405800000, 0x0000000800000000)
  region size 8192K, 1 young (8192K), 1 survivors (8192K)
 Metaspace       used 52079K, committed 52544K, reserved 1114112K
  class space    used 7082K, committed 7296K, reserved 1048576K
}
Event: 7.199 GC heap before
{Heap before GC invocations=11 (full 0):
 garbage-first heap   total 581632K, used 72354K [0x0000000405800000, 0x0000000800000000)
  region size 8192K, 7 young (57344K), 1 survivors (8192K)
 Metaspace       used 59935K, committed 60416K, reserved 1114112K
  class space    used 8190K, committed 8448K, reserved 1048576K
}
Event: 7.204 GC heap after
{Heap after GC invocations=12 (full 0):
 garbage-first heap   total 581632K, used 33882K [0x0000000405800000, 0x0000000800000000)
  region size 8192K, 2 young (16384K), 2 survivors (16384K)
 Metaspace       used 59935K, committed 60416K, reserved 1114112K
  class space    used 8190K, committed 8448K, reserved 1048576K
}
Event: 16.493 GC heap before
{Heap before GC invocations=13 (full 0):
 garbage-first heap   total 163840K, used 115802K [0x0000000405800000, 0x0000000800000000)
  region size 8192K, 12 young (98304K), 2 survivors (16384K)
 Metaspace       used 68629K, committed 69120K, reserved 1114112K
  class space    used 9361K, committed 9600K, reserved 1048576K
}
Event: 16.497 GC heap after
{Heap after GC invocations=14 (full 0):
 garbage-first heap   total 163840K, used 42062K [0x0000000405800000, 0x0000000800000000)
  region size 8192K, 2 young (16384K), 2 survivors (16384K)
 Metaspace       used 68629K, committed 69120K, reserved 1114112K
  class space    used 9361K, committed 9600K, reserved 1048576K
}
Event: 16.670 GC heap before
{Heap before GC invocations=14 (full 0):
 garbage-first heap   total 163840K, used 50254K [0x0000000405800000, 0x0000000800000000)
  region size 8192K, 3 young (24576K), 2 survivors (16384K)
 Metaspace       used 69345K, committed 69888K, reserved 1114112K
  class space    used 9477K, committed 9728K, reserved 1048576K
}
Event: 16.677 GC heap after
{Heap after GC invocations=15 (full 0):
 garbage-first heap   total 163840K, used 43534K [0x0000000405800000, 0x0000000800000000)
  region size 8192K, 1 young (8192K), 1 survivors (8192K)
 Metaspace       used 69345K, committed 69888K, reserved 1114112K
  class space    used 9477K, committed 9728K, reserved 1048576K
}

